<?xml version="1.0" encoding="UTF-8" ?>
<testsuite tests="1" failures="0" name="ParametrizedTest" time="4.299" errors="0" skipped="1">
  <properties>
[...]
</properties>
  <testcase classname="ParametrizedTest" name="testInsurance[0]" time="4.299">
    <skipped/>
    <system-err>Starting ChromeDriver 2.32.498550 (9dec58e66c31bcc53a9ce3c7226f0c1c5810906a) on port 33726
Only local connections are allowed.
��� 11, 2017 4:42:57 PM org.openqa.selenium.remote.ProtocolHandshake createSession
INFO: Detected dialect: OSS
</system-err>
  </testcase>
</testsuite>